<?xml version="1.0" encoding="UTF-8"?>
<!-- Generated by org.testng.reporters.JUnitXMLReporter -->
<testsuite ignored="2" hostname="DESKTOP-IJFDGV2" failures="0" tests="1" name="Default test" time="2.966" errors="0" timestamp="2025-08-31T20:45:57 IST">
  <testcase classname="test.BrokenLinks" name="name" time="1.29"/>
  <testcase classname="test.BrokenLinks" name="hiturl" time="0.0">
    <ignored/>
  </testcase> <!-- hiturl -->
  <testcase classname="test.BrokenLinks" name="dynamicWeb" time="0.0">
    <ignored/>
  </testcase> <!-- dynamicWeb -->
</testsuite> <!-- Default test -->
