<?xml version="1.0" encoding="UTF-8"?>
<!-- Generated by org.testng.reporters.JUnitXMLReporter -->
<testsuite ignored="0" hostname="DESKTOP-IJFDGV2" failures="1" tests="1" name="SupplierTest" time="48.669" errors="0" timestamp="2025-08-22T14:52:27 IST">
  <testcase classname="test.TestSupplierCreate1" name="supplierCreate" time="42.334">
    <failure type="java.lang.AssertionError" message="The following asserts failed:
	expected [Launch VMS - View Supplier Detail] but found [Launch VMS - View Supplier Details]">
      <![CDATA[java.lang.AssertionError: The following asserts failed:
expected [Launch VMS - View Supplier Detail] but found [Launch VMS - View Supplier Details]
at test.TestSupplierCreate1.supplierCreate(TestSupplierCreate1.java:38)
at java.base/java.util.ArrayList.forEach(ArrayList.java:1596)
at java.base/java.util.concurrent.FutureTask.run(FutureTask.java:317)
at java.base/java.util.concurrent.ThreadPoolExecutor.runWorker(ThreadPoolExecutor.java:1144)
at java.base/java.util.concurrent.ThreadPoolExecutor$Worker.run(ThreadPoolExecutor.java:642)
at java.base/java.lang.Thread.run(Thread.java:1583)
... Removed 17 stack frames]]>
    </failure>
  </testcase> <!-- supplierCreate -->
</testsuite> <!-- SupplierTest -->
