<?xml version="1.0" encoding="UTF-8"?>
<!-- Generated by org.testng.reporters.JUnitXMLReporter -->
<testsuite ignored="0" hostname="DESKTOP-IJFDGV2" failures="1" tests="1" name="Worker" time="5.738" errors="0" timestamp="2025-08-22T11:28:50 IST">
  <testcase classname="test.TestSupplierCreate1" name="supplierCreate" time="2.34">
    <failure type="java.lang.NullPointerException" message="Cannot invoke &amp;quot;java.lang.reflect.Method.getName()&amp;quot; because &amp;quot;this.method&amp;quot; is null">
      <![CDATA[java.lang.NullPointerException: Cannot invoke "java.lang.reflect.Method.getName()" because "this.method" is null
at data.DataExcel.excelling(DataExcel.java:66)
at test.TestSupplierCreate1.supplierCreate(TestSupplierCreate1.java:22)
at java.base/java.util.ArrayList.forEach(ArrayList.java:1596)
... Removed 25 stack frames]]>
    </failure>
  </testcase> <!-- supplierCreate -->
</testsuite> <!-- Worker -->
